<?xml version="1.0" encoding="UTF-8"?>
<testsuite name="models.LakewoodHotelTest" tests="5" skipped="0" failures="0" errors="0" timestamp="2018-06-25T16:20:37" hostname="LAapenido" time="0.001">
  <properties/>
  <testcase name="weekDayCosts110ForRegularCustomer" classname="models.LakewoodHotelTest" time="0.0"/>
  <testcase name="weekendDayCosts90ForRegularCustomer" classname="models.LakewoodHotelTest" time="0.001"/>
  <testcase name="weekDayCosts80ForRewardsCustomer" classname="models.LakewoodHotelTest" time="0.0"/>
  <testcase name="weekendDayCosts80ForRewardsCustomer" classname="models.LakewoodHotelTest" time="0.0"/>
  <testcase name="ratingIsEqualsTo3" classname="models.LakewoodHotelTest" time="0.0"/>
  <system-out><![CDATA[]]></system-out>
  <system-err><![CDATA[]]></system-err>
</testsuite>
