<?xml version="1.0" encoding="UTF-8"?>
<testsuite name="HotelFinderTest" tests="1" skipped="0" failures="0" errors="0" timestamp="2018-06-25T16:20:37" hostname="LAapenido" time="0.041">
  <properties/>
  <testcase name="findBestHotel" classname="HotelFinderTest" time="0.041"/>
  <system-out><![CDATA[]]></system-out>
  <system-err><![CDATA[]]></system-err>
</testsuite>
