<?xml version="1.0" encoding="UTF-8"?>
<testsuite name="models.BridgewoodHotelTest" tests="5" skipped="0" failures="0" errors="0" timestamp="2018-06-25T16:20:37" hostname="LAapenido" time="0.006">
  <properties/>
  <testcase name="weekDayCosts110ForRewardsCustomer" classname="models.BridgewoodHotelTest" time="0.005"/>
  <testcase name="weekDayCosts160ForRegularCustomer" classname="models.BridgewoodHotelTest" time="0.0"/>
  <testcase name="weekendDayCosts60ForRegularCustomer" classname="models.BridgewoodHotelTest" time="0.0"/>
  <testcase name="ratingIsEqualsTo4" classname="models.BridgewoodHotelTest" time="0.0"/>
  <testcase name="weekendDayCosts50ForRewardsCustomer" classname="models.BridgewoodHotelTest" time="0.0"/>
  <system-out><![CDATA[]]></system-out>
  <system-err><![CDATA[]]></system-err>
</testsuite>
